Arguments: 
  C:\program files\nodejs\node.exe C:\Users\p077\AppData\Roaming\npm\node_modules\yarn\bin\yarn.js test

PATH: 
  C:\Program Files\Git\mingw64\bin;C:\Program Files\Git\usr\bin;C:\Users\p077\bin;C:\Program Files\Haskell\bin;C:\Program Files\Haskell Platform\8.6.5\lib\extralibs\bin;C:\Program Files\Haskell Platform\8.6.5\bin;C:\python27;C:\python27\scripts;C:\program files (x86)\common files\oracle\java\javapath;C:\programdata\oracle\java\javapath;C:\program files\broadcom\broadcom 802.11 network adapter;C:\windows\system32;C:\windows;C:\windows\system32\wbem;C:\windows\system32\windowspowershell\v1.0;C:\program files\git\cmd;C:\program files (x86)\calibre2;C:\program files (x86)\devdesktop\tools;C:\windows\system32\openssh;C:\android;C:\program files\microsoft vs code\bin;C:\program files\nvidia corporation\nvidia nvdlisr;C:\program files\sourcegear\common\diffmerge;C:\windows\system32;C:\windows;C:\windows\system32\wbem;C:\windows\system32\windowspowershell\v1.0;C:\windows\system32\openssh;C:\android;C:\windows\system32;C:\program files\nodejs;C:\programdata\chocolatey\bin;C:\program files\microsoft vs code\bin;C:\Program Files (x86)\NVIDIA Corporation\PhysX\Common;C:\Program Files\Haskell Platform\8.6.5\mingw\bin;C:\Users\p077\AppData\Roaming\cabal\bin;C:\Users\p077\AppData\Roaming\local\bin;C:\Users\p077\AppData\Local\Microsoft\WindowsApps;C:\Program Files\Microsoft VS Code\bin;C:\Program Files\MongoDB\Server\4.0\bin;C:\Users\p077\AppData\Roaming\npm;C:\Program Files\heroku\bin

Yarn version: 
  1.5.1

Node version: 
  12.4.0

Platform: 
  win32 x64

npm manifest: 
  {
    "name": "expensify",
    "version": "1.0.0",
    "main": "index.js",
    "license": "MIT",
    "scripts": {
      "serve": "live-server public/",
      "build": "webpack",
      "dev-server": "webpack-dev-server",
      "test": "jest"
    },
    "dependencies": {
      "babel-cli": "6.24.1",
      "babel-core": "6.25.0",
      "babel-loader": "7.1.1",
      "babel-plugin-transform-class-properties": "6.24.1",
      "babel-plugin-transform-object-rest-spread": "6.23.0",
      "babel-preset-env": "^1.5.2",
      "babel-preset-react": "6.24.1",
      "css-loader": "^3.1.0",
      "jest": "^20.0.4",
      "moment": "2.18.1",
      "node-sass": "^4.12.0",
      "normalize.css": "^8.0.1",
      "react": "16.0.0",
      "react-addons-shallow-compare": "15.6.0",
      "react-dates": "12.7.0",
      "react-dom": "16.0.0",
      "react-modal": "2.2.2",
      "react-redux": "5.0.5",
      "react-router-dom": "4.2.2",
      "redux": "3.7.2",
      "sass-loader": "^7.1.0",
      "style-loader": "^0.23.1",
      "uuid": "3.1.0",
      "validator": "^11.1.0",
      "webpack": "3.1.0",
      "webpack-dev-server": "2.5.1"
    }
  }

yarn manifest: 
  No manifest

Lockfile: 
  No lockfile

Trace: 
  Error: Command failed.
  Exit code: 3221225786
  Command: C:\WINDOWS\system32\cmd.exe
  Arguments: /d /s /c jest
  Directory: C:\Users\p077\Desktop\Programming\React\react-course-projects\expensify-app
  Output:
  
      at ProcessTermError.MessageError (C:\Users\p077\AppData\Roaming\npm\node_modules\yarn\lib\cli.js:186:110)
      at new ProcessTermError (C:\Users\p077\AppData\Roaming\npm\node_modules\yarn\lib\cli.js:226:113)
      at ChildProcess.<anonymous> (C:\Users\p077\AppData\Roaming\npm\node_modules\yarn\lib\cli.js:30281:17)
      at ChildProcess.emit (events.js:200:13)
      at maybeClose (internal/child_process.js:1021:16)
      at Process.ChildProcess._handle.onexit (internal/child_process.js:283:5)
